#
# A fatal error has been detected by the Java Runtime Environment:
#
#  EXCEPTION_ACCESS_VIOLATION (0xc0000005) at pc=0x000000006e9de688, pid=5748, tid=0x0000000000000b14
#
# JRE version: Java(TM) SE Runtime Environment (8.0_211-b12) (build 1.8.0_211-b12)
# Java VM: Java HotSpot(TM) 64-Bit Server VM (25.211-b12 mixed mode windows-amd64 compressed oops)
# Problematic frame:
# C  [gdx-box2d64.dll+0x1e688]
#
# Failed to write core dump. Minidumps are not enabled by default on client versions of Windows
#
# If you would like to submit a bug report, please visit:
#   http://bugreport.java.com/bugreport/crash.jsp
# The crash happened outside the Java Virtual Machine in native code.
# See problematic frame for where to report the bug.
#

---------------  T H R E A D  ---------------

Current thread (0x0000000017449000):  JavaThread "LWJGL Application" [_thread_in_native, id=2836, stack(0x0000000018020000,0x0000000018120000)]

siginfo: ExceptionCode=0xc0000005, reading address 0x00000000000000d3

Registers:
RAX=0x0000000000000000, RBX=0x000000001510d470, RCX=0x000000000000007b, RDX=0x000000001811f140
RSP=0x000000001811f0d0, RBP=0x000000001811f248, RSI=0x0000000000200021, RDI=0x00000000000000ca
R8 =0x000000000000007b, R9 =0x00000000014ec380, R10=0x0000000002ea8c3b, R11=0x000000006f2ccef0
R12=0x0000000000000000, R13=0x000000001510d470, R14=0x000000001811f2c0, R15=0x0000000017449000
RIP=0x000000006e9de688, EFLAGS=0x0000000000010202

Top of Stack: (sp=0x000000001811f0d0)
0x000000001811f0d0:   0000000017449000 000000001743a270
0x000000001811f0e0:   000000001510d470 000000001811f2c0
0x000000001811f0f0:   0000000017442590 000000001510d470
0x000000001811f100:   0000000000200021 00000000000000ca
0x000000001811f110:   000000001811f248 000000006e9e49bd
0x000000001811f120:   000000001510d470 0000000017449000
0x000000001811f130:   000000001510d470 0000000017449000
0x000000001811f140:   00000000014ec380 0000000000000000
0x000000001811f150:   000000003e4ccccd 0001000100000000
0x000000001811f160:   000000000000ffff 0000000000200021
0x000000001811f170:   000000001510d470 0000000002ea8c67
0x000000001811f180:   000000001811f268 000000001510d371
0x000000001811f190:   00000000000000b7 000000001510d3e8
0x000000001811f1a0:   000000003e4ccccd 0000000000000000
0x000000001811f1b0:   0000000000000000 0000000000000001
0x000000001811f1c0:   0000000000000001 00000000ffffffff 

Instructions: (pc=0x000000006e9de688)
0x000000006e9de668:   01 00 f3 0f 10 83 98 00 00 00 e9 8e fe ff ff 90
0x000000006e9de678:   0f 1f 84 00 00 00 00 00 55 57 56 53 48 83 ec 28
0x000000006e9de688:   48 8b 79 58 48 89 cb 48 89 d5 f6 87 98 92 01 00
0x000000006e9de698:   02 75 75 ba 48 00 00 00 48 89 f9 e8 b8 d4 fe ff 


Register to memory mapping:

RAX=0x0000000000000000 is an unknown value
RBX={method} {0x000000001510d478} 'jniCreateFixture' '(JJFFFZSSS)J' in 'com/badlogic/gdx/physics/box2d/Body'
RCX=0x000000000000007b is an unknown value
RDX=0x000000001811f140 is pointing into the stack for thread: 0x0000000017449000
RSP=0x000000001811f0d0 is pointing into the stack for thread: 0x0000000017449000
RBP=0x000000001811f248 is pointing into the stack for thread: 0x0000000017449000
RSI=0x0000000000200021 is an unknown value
RDI=0x00000000000000ca is an unknown value
R8 =0x000000000000007b is an unknown value
R9 =0x00000000014ec380 is an unknown value
R10=0x0000000002ea8c3b is at code_begin+891 in an Interpreter codelet
method entry point (kind = native)  [0x0000000002ea88c0, 0x0000000002ea9280]  2496 bytes
R11=0x000000006f2ccef0 is an unknown value
R12=0x0000000000000000 is an unknown value
R13={method} {0x000000001510d478} 'jniCreateFixture' '(JJFFFZSSS)J' in 'com/badlogic/gdx/physics/box2d/Body'
R14=0x000000001811f2c0 is pointing into the stack for thread: 0x0000000017449000
R15=0x0000000017449000 is a thread


Stack: [0x0000000018020000,0x0000000018120000],  sp=0x000000001811f0d0,  free space=1020k
Native frames: (J=compiled Java code, j=interpreted, Vv=VM code, C=native code)
C  [gdx-box2d64.dll+0x1e688]
C  [gdx-box2d64.dll+0x249bd]
C  0x0000000002ea8c67

Java frames: (J=compiled Java code, j=interpreted, Vv=VM code)
j  com.badlogic.gdx.physics.box2d.Body.jniCreateFixture(JJFFFZSSS)J+0
j  com.badlogic.gdx.physics.box2d.Body.createFixture(Lcom/badlogic/gdx/physics/box2d/FixtureDef;)Lcom/badlogic/gdx/physics/box2d/Fixture;+49
j  com.mygdx.game.GameScreen.<init>(Lcom/mygdx/game/RPG;)V+254
j  com.mygdx.game.MainMenuScreen.render(F)V+141
j  com.badlogic.gdx.Game.render()V+19
j  com.mygdx.game.RPG.render()V+1
j  com.badlogic.gdx.backends.lwjgl.LwjglApplication.mainLoop()V+698
j  com.badlogic.gdx.backends.lwjgl.LwjglApplication$1.run()V+27
v  ~StubRoutines::call_stub

---------------  P R O C E S S  ---------------

Java Threads: ( => current thread )
  0x00000000177c6800 JavaThread "LWJGL Timer" daemon [_thread_blocked, id=12324, stack(0x000000005e090000,0x000000005e190000)]
  0x0000000002d93800 JavaThread "DestroyJavaVM" [_thread_blocked, id=10356, stack(0x0000000002c90000,0x0000000002d90000)]
=>0x0000000017449000 JavaThread "LWJGL Application" [_thread_in_native, id=2836, stack(0x0000000018020000,0x0000000018120000)]
  0x00000000154de000 JavaThread "Service Thread" daemon [_thread_blocked, id=3296, stack(0x00000000171e0000,0x00000000172e0000)]
  0x000000001548d800 JavaThread "C1 CompilerThread2" daemon [_thread_blocked, id=11888, stack(0x0000000016ce0000,0x0000000016de0000)]
  0x0000000015486800 JavaThread "C2 CompilerThread1" daemon [_thread_blocked, id=9736, stack(0x0000000016be0000,0x0000000016ce0000)]
  0x0000000015483800 JavaThread "C2 CompilerThread0" daemon [_thread_blocked, id=7952, stack(0x0000000016ae0000,0x0000000016be0000)]
  0x0000000015481800 JavaThread "Attach Listener" daemon [_thread_blocked, id=2760, stack(0x00000000169e0000,0x0000000016ae0000)]
  0x0000000015480800 JavaThread "Signal Dispatcher" daemon [_thread_blocked, id=4644, stack(0x00000000168e0000,0x00000000169e0000)]
  0x000000001546a800 JavaThread "Finalizer" daemon [_thread_blocked, id=10628, stack(0x00000000166e0000,0x00000000167e0000)]
  0x0000000002e82000 JavaThread "Reference Handler" daemon [_thread_blocked, id=6120, stack(0x00000000165e0000,0x00000000166e0000)]

Other Threads:
  0x0000000015448000 VMThread [stack: 0x00000000164e0000,0x00000000165e0000] [id=9960]
  0x0000000016e2e800 WatcherThread [stack: 0x00000000172e0000,0x00000000173e0000] [id=7616]

VM state:not at safepoint (normal execution)

VM Mutex/Monitor currently owned by a thread: None

heap address: 0x00000000c1800000, size: 1000 MB, Compressed Oops mode: 32-bit
Narrow klass base: 0x0000000000000000, Narrow klass shift: 3
Compressed class space size: 1073741824 Address: 0x0000000100000000

Heap:
 PSYoungGen      total 18944K, used 14024K [0x00000000eb300000, 0x00000000ec800000, 0x0000000100000000)
  eden space 16384K, 85% used [0x00000000eb300000,0x00000000ec0b20f8,0x00000000ec300000)
  from space 2560K, 0% used [0x00000000ec580000,0x00000000ec580000,0x00000000ec800000)
  to   space 2560K, 0% used [0x00000000ec300000,0x00000000ec300000,0x00000000ec580000)
 ParOldGen       total 44032K, used 0K [0x00000000c1800000, 0x00000000c4300000, 0x00000000eb300000)
  object space 44032K, 0% used [0x00000000c1800000,0x00000000c1800000,0x00000000c4300000)
 Metaspace       used 6736K, capacity 7139K, committed 7424K, reserved 1056768K
  class space    used 657K, capacity 688K, committed 768K, reserved 1048576K

Card table byte_map: [0x0000000012250000,0x0000000012450000] byte_map_base: 0x0000000011c44000

Marking Bits: (ParMarkBitMap*) 0x000000006f8c5ce0
 Begin Bits: [0x00000000129a0000, 0x0000000013940000)
 End Bits:   [0x0000000013940000, 0x00000000148e0000)

Polling page: 0x0000000000f10000

CodeCache: size=245760Kb used=2313Kb max_used=2313Kb free=243446Kb
 bounds [0x0000000002e90000, 0x0000000003100000, 0x0000000011e90000]
 total_blobs=942 nmethods=471 adapters=384
 compilation: enabled

Compilation events (10 events):
Event: 2.089 Thread 0x000000001548d800  467       3       java.security.CodeSource::matchCerts (254 bytes)
Event: 2.090 Thread 0x000000001548d800 nmethod 467 0x00000000030d0a10 code [0x00000000030d0c20, 0x00000000030d1798]
Event: 2.090 Thread 0x000000001548d800  468       3       sun.misc.URLClassPath$JarLoader$2::getCodeSourceURL (8 bytes)
Event: 2.090 Thread 0x000000001548d800 nmethod 468 0x00000000030d1cd0 code [0x00000000030d1e20, 0x00000000030d1f90]
Event: 2.090 Thread 0x000000001548d800  469       3       sun.misc.URLClassPath$JarLoader$2::getManifest (26 bytes)
Event: 2.090 Thread 0x000000001548d800 nmethod 469 0x00000000030d2050 code [0x00000000030d2200, 0x00000000030d2728]
Event: 2.104 Thread 0x000000001548d800  470       3       com.badlogic.gdx.graphics.g2d.TextureRegion::setRegion (71 bytes)
Event: 2.105 Thread 0x000000001548d800 nmethod 470 0x00000000030d2950 code [0x00000000030d2b20, 0x00000000030d3088]
Event: 2.105 Thread 0x000000001548d800  471       3       com.badlogic.gdx.graphics.g2d.TextureRegion::setRegion (129 bytes)
Event: 2.105 Thread 0x000000001548d800 nmethod 471 0x00000000030d3350 code [0x00000000030d3520, 0x00000000030d3b98]

GC Heap History (0 events):
No events

Deoptimization events (0 events):
No events

Classes redefined (0 events):
No events

Internal exceptions (10 events):
Event: 0.819 Thread 0x0000000002d93800 Exception <a 'org/lwjgl/LWJGLException'> (0x00000000eb6f5770) thrown at [C:\re\workspace\8-2-build-windows-amd64-cygwin\jdk8u211\12973\hotspot\src\share\vm\prims\jni.cpp, line 710]
Event: 0.819 Thread 0x0000000002d93800 Exception <a 'org/lwjgl/LWJGLException'> (0x00000000eb6f5e28) thrown at [C:\re\workspace\8-2-build-windows-amd64-cygwin\jdk8u211\12973\hotspot\src\share\vm\prims\jni.cpp, line 710]
Event: 0.820 Thread 0x0000000002d93800 Exception <a 'org/lwjgl/LWJGLException'> (0x00000000eb6f6440) thrown at [C:\re\workspace\8-2-build-windows-amd64-cygwin\jdk8u211\12973\hotspot\src\share\vm\prims\jni.cpp, line 710]
Event: 0.820 Thread 0x0000000002d93800 Exception <a 'org/lwjgl/LWJGLException'> (0x00000000eb6f69f8) thrown at [C:\re\workspace\8-2-build-windows-amd64-cygwin\jdk8u211\12973\hotspot\src\share\vm\prims\jni.cpp, line 710]
Event: 0.820 Thread 0x0000000002d93800 Exception <a 'org/lwjgl/LWJGLException'> (0x00000000eb6f6ff0) thrown at [C:\re\workspace\8-2-build-windows-amd64-cygwin\jdk8u211\12973\hotspot\src\share\vm\prims\jni.cpp, line 710]
Event: 0.820 Thread 0x0000000002d93800 Exception <a 'org/lwjgl/LWJGLException'> (0x00000000eb6f7680) thrown at [C:\re\workspace\8-2-build-windows-amd64-cygwin\jdk8u211\12973\hotspot\src\share\vm\prims\jni.cpp, line 710]
Event: 0.821 Thread 0x0000000002d93800 Exception <a 'org/lwjgl/LWJGLException'> (0x00000000eb6f7cf0) thrown at [C:\re\workspace\8-2-build-windows-amd64-cygwin\jdk8u211\12973\hotspot\src\share\vm\prims\jni.cpp, line 710]
Event: 0.826 Thread 0x0000000002d93800 Exception <a 'org/lwjgl/LWJGLException'> (0x00000000eb6f8220) thrown at [C:\re\workspace\8-2-build-windows-amd64-cygwin\jdk8u211\12973\hotspot\src\share\vm\prims\jni.cpp, line 710]
Event: 0.826 Thread 0x0000000002d93800 Exception <a 'org/lwjgl/LWJGLException'> (0x00000000eb6f87b8) thrown at [C:\re\workspace\8-2-build-windows-amd64-cygwin\jdk8u211\12973\hotspot\src\share\vm\prims\jni.cpp, line 710]
Event: 0.832 Thread 0x0000000002d93800 Exception <a 'org/lwjgl/LWJGLException'> (0x00000000eb6f8df0) thrown at [C:\re\workspace\8-2-build-windows-amd64-cygwin\jdk8u211\12973\hotspot\src\share\vm\prims\jni.cpp, line 710]

Events (10 events):
Event: 2.090 loading class com/badlogic/gdx/physics/box2d/Filter
Event: 2.090 loading class com/badlogic/gdx/physics/box2d/Filter done
Event: 2.096 loading class aiall/SteeringAgent
Event: 2.096 loading class aiall/SteeringAgent done
Event: 2.097 loading class com/badlogic/gdx/ai/steer/Steerable
Event: 2.098 loading class com/badlogic/gdx/ai/steer/Steerable done
Event: 2.101 loading class com/badlogic/gdx/ai/utils/Location
Event: 2.101 loading class com/badlogic/gdx/ai/utils/Location done
Event: 2.103 loading class com/badlogic/gdx/ai/steer/Limiter
Event: 2.103 loading class com/badlogic/gdx/ai/steer/Limiter done


Dynamic libraries:
0x00007ff6d70a0000 - 0x00007ff6d70d7000 	C:\Program Files\Java\jre1.8.0_211\bin\javaw.exe
0x00007ffdcec60000 - 0x00007ffdcee41000 	C:\WINDOWS\SYSTEM32\ntdll.dll
0x00007ffdcc290000 - 0x00007ffdcc341000 	C:\WINDOWS\System32\KERNEL32.DLL
0x00007ffdcb250000 - 0x00007ffdcb4c3000 	C:\WINDOWS\System32\KERNELBASE.dll
0x00007ffdce770000 - 0x00007ffdce811000 	C:\WINDOWS\System32\ADVAPI32.dll
0x00007ffdceb90000 - 0x00007ffdcec2e000 	C:\WINDOWS\System32\msvcrt.dll
0x00007ffdcc230000 - 0x00007ffdcc28b000 	C:\WINDOWS\System32\sechost.dll
0x00007ffdcc480000 - 0x00007ffdcc5a4000 	C:\WINDOWS\System32\RPCRT4.dll
0x00007ffdcd140000 - 0x00007ffdcd2d0000 	C:\WINDOWS\System32\USER32.dll
0x00007ffdcb4d0000 - 0x00007ffdcb4f0000 	C:\WINDOWS\System32\win32u.dll
0x00007ffdcc0f0000 - 0x00007ffdcc118000 	C:\WINDOWS\System32\GDI32.dll
0x00007ffdcbc00000 - 0x00007ffdcbd92000 	C:\WINDOWS\System32\gdi32full.dll
0x00007ffdcb030000 - 0x00007ffdcb0cf000 	C:\WINDOWS\System32\msvcp_win.dll
0x00007ffdcb0d0000 - 0x00007ffdcb1c8000 	C:\WINDOWS\System32\ucrtbase.dll
0x00007ffdc2420000 - 0x00007ffdc2689000 	C:\WINDOWS\WinSxS\amd64_microsoft.windows.common-controls_6595b64144ccf1df_6.0.17134.706_none_fb43a2cb30647007\COMCTL32.dll
0x00007ffdce860000 - 0x00007ffdceb82000 	C:\WINDOWS\System32\combase.dll
0x00007ffdcb1d0000 - 0x00007ffdcb24a000 	C:\WINDOWS\System32\bcryptPrimitives.dll
0x00007ffdce830000 - 0x00007ffdce85d000 	C:\WINDOWS\System32\IMM32.DLL
0x0000000070150000 - 0x0000000070222000 	C:\Program Files\Java\jre1.8.0_211\bin\msvcr100.dll
0x000000006f0a0000 - 0x000000006f945000 	C:\Program Files\Java\jre1.8.0_211\bin\server\jvm.dll
0x00007ffdcc1c0000 - 0x00007ffdcc1c8000 	C:\WINDOWS\System32\PSAPI.DLL
0x00007ffdc9dd0000 - 0x00007ffdc9dd9000 	C:\WINDOWS\SYSTEM32\WSOCK32.dll
0x00007ffdcc810000 - 0x00007ffdcc87c000 	C:\WINDOWS\System32\WS2_32.dll
0x00007ffdc6a60000 - 0x00007ffdc6a83000 	C:\WINDOWS\SYSTEM32\WINMM.dll
0x00007ffdc2690000 - 0x00007ffdc269a000 	C:\WINDOWS\SYSTEM32\VERSION.dll
0x00007ffdc6a30000 - 0x00007ffdc6a5a000 	C:\WINDOWS\SYSTEM32\WINMMBASE.dll
0x00007ffdcbe50000 - 0x00007ffdcbe99000 	C:\WINDOWS\System32\cfgmgr32.dll
0x00007ffdc6c80000 - 0x00007ffdc6c8f000 	C:\Program Files\Java\jre1.8.0_211\bin\verify.dll
0x00007ffdb1170000 - 0x00007ffdb1199000 	C:\Program Files\Java\jre1.8.0_211\bin\java.dll
0x00007ffdbac10000 - 0x00007ffdbac26000 	C:\Program Files\Java\jre1.8.0_211\bin\zip.dll
0x00007ffdcd2d0000 - 0x00007ffdce710000 	C:\WINDOWS\System32\SHELL32.dll
0x00007ffdcc350000 - 0x00007ffdcc3f9000 	C:\WINDOWS\System32\shcore.dll
0x00007ffdcb4f0000 - 0x00007ffdcbbfd000 	C:\WINDOWS\System32\windows.storage.dll
0x00007ffdcc1d0000 - 0x00007ffdcc221000 	C:\WINDOWS\System32\shlwapi.dll
0x00007ffdcaff0000 - 0x00007ffdcb001000 	C:\WINDOWS\System32\kernel.appcore.dll
0x00007ffdcb010000 - 0x00007ffdcb02f000 	C:\WINDOWS\System32\profapi.dll
0x00007ffdcaf70000 - 0x00007ffdcafbc000 	C:\WINDOWS\System32\powrprof.dll
0x00007ffdcafc0000 - 0x00007ffdcafca000 	C:\WINDOWS\System32\FLTLIB.DLL
0x0000000065ac0000 - 0x0000000065b26000 	C:\Users\stani\AppData\Local\Temp\libgdxÄàíèë\689f6d6a\gdx64.dll
0x00007ffdca9a0000 - 0x00007ffdca9b7000 	C:\WINDOWS\SYSTEM32\CRYPTSP.dll
0x00007ffdca3d0000 - 0x00007ffdca403000 	C:\WINDOWS\system32\rsaenh.dll
0x00007ffdcaad0000 - 0x00007ffdcaaf5000 	C:\WINDOWS\SYSTEM32\bcrypt.dll
0x00007ffdcae70000 - 0x00007ffdcae98000 	C:\WINDOWS\SYSTEM32\USERENV.dll
0x00007ffdca9c0000 - 0x00007ffdca9cb000 	C:\WINDOWS\SYSTEM32\CRYPTBASE.dll
0x00007ffda3280000 - 0x00007ffda329a000 	C:\Program Files\Java\jre1.8.0_211\bin\net.dll
0x00007ffdba3d0000 - 0x00007ffdba598000 	C:\WINDOWS\SYSTEM32\urlmon.dll
0x00007ffdbfc30000 - 0x00007ffdbfed6000 	C:\WINDOWS\SYSTEM32\iertutil.dll
0x00007ffdca7f0000 - 0x00007ffdca856000 	C:\WINDOWS\system32\mswsock.dll
0x00007ffdca570000 - 0x00007ffdca5a8000 	C:\WINDOWS\SYSTEM32\IPHLPAPI.DLL
0x00007ffdce820000 - 0x00007ffdce828000 	C:\WINDOWS\System32\NSI.dll
0x00007ffdc1f70000 - 0x00007ffdc1f86000 	C:\WINDOWS\SYSTEM32\dhcpcsvc6.DLL
0x00007ffdc23c0000 - 0x00007ffdc23da000 	C:\WINDOWS\SYSTEM32\dhcpcsvc.DLL
0x00007ffda3260000 - 0x00007ffda3272000 	C:\Program Files\Java\jre1.8.0_211\bin\nio.dll
0x0000000180000000 - 0x0000000180053000 	C:\Users\stani\AppData\Local\Temp\libgdxÄàíèë\dc0f0009\lwjgl64.dll
0x00007ffda32a0000 - 0x00007ffda33c0000 	C:\WINDOWS\SYSTEM32\OPENGL32.dll
0x00007ffdacf00000 - 0x00007ffdacf2c000 	C:\WINDOWS\SYSTEM32\GLU32.dll
0x00007ffdc90d0000 - 0x00007ffdc9168000 	C:\WINDOWS\system32\uxtheme.dll
0x00007ffdccaa0000 - 0x00007ffdccc13000 	C:\WINDOWS\System32\MSCTF.dll
0x00007ffdcd070000 - 0x00007ffdcd132000 	C:\WINDOWS\System32\OLEAUT32.dll
0x00007ffdc9360000 - 0x00007ffdc9389000 	C:\WINDOWS\system32\dwmapi.dll
0x00007ffdc3e00000 - 0x00007ffdc3e96000 	C:\WINDOWS\System32\TextInputFramework.dll
0x00007ffdc8a10000 - 0x00007ffdc8aea000 	C:\WINDOWS\System32\CoreMessaging.dll
0x00007ffdc5040000 - 0x00007ffdc535e000 	C:\WINDOWS\System32\CoreUIComponents.dll
0x00007ffdca060000 - 0x00007ffdca091000 	C:\WINDOWS\SYSTEM32\ntmarta.dll
0x00007ffdc6600000 - 0x00007ffdc674d000 	C:\WINDOWS\SYSTEM32\wintypes.dll
0x00007ffd63670000 - 0x00007ffd64389000 	C:\WINDOWS\SYSTEM32\ig8icd64.dll
0x00007ffdc9d90000 - 0x00007ffdc9da3000 	C:\WINDOWS\SYSTEM32\WTSAPI32.dll
0x00007ffdc3ea0000 - 0x00007ffdc48e0000 	C:\WINDOWS\SYSTEM32\igdusc64.dll
0x00007ffdc5ca0000 - 0x00007ffdc5d48000 	C:\WINDOWS\SYSTEM32\mscms.dll
0x00007ffdc7b40000 - 0x00007ffdc7b50000 	C:\WINDOWS\SYSTEM32\ColorAdapterClient.dll
0x00007ffd90d80000 - 0x00007ffd90dc3000 	C:\WINDOWS\SYSTEM32\icm32.dll
0x00007ffdc9c00000 - 0x00007ffdc9cbb000 	C:\WINDOWS\SYSTEM32\dxgi.dll
0x00007ffdc7b60000 - 0x00007ffdc7e6b000 	C:\WINDOWS\SYSTEM32\d3d11.dll
0x00007ffdb1260000 - 0x00007ffdb21bc000 	C:\WINDOWS\SYSTEM32\igd10iumd64.dll
0x00007ffdcaaa0000 - 0x00007ffdcaac6000 	C:\WINDOWS\SYSTEM32\ncrypt.dll
0x00007ffdcaa60000 - 0x00007ffdcaa96000 	C:\WINDOWS\SYSTEM32\NTASN1.dll
0x00007ffdcc6b0000 - 0x00007ffdcc801000 	C:\WINDOWS\System32\ole32.dll
0x000000006e9c0000 - 0x000000006ea4c000 	C:\Users\stani\AppData\Local\Temp\libgdxÄàíèë\7da55056\gdx-box2d64.dll
0x00007ffdc99b0000 - 0x00007ffdc9b79000 	C:\WINDOWS\SYSTEM32\dbghelp.dll

VM Arguments:
jvm_args: -Dfile.encoding=UTF-8 
java_command: com.mygdx.game.desktop.DesktopLauncher
java_class_path (initial): C:\Users\stani\eclipse-workspace\Game-master\desktop\bin\main;C:\Users\stani\eclipse-workspace\Game-master\core\bin\default;C:\Users\stani\eclipse-workspace\Game-master\core\bin\main;C:\Users\stani\.gradle\caches\modules-2\files-2.1\com.badlogicgames.gdx\gdx-tools\1.9.9\55228989f0479dd4bbe487766eda15e5d512c51e\gdx-tools-1.9.9.jar;C:\Users\stani\.gradle\caches\modules-2\files-2.1\com.badlogicgames.gdx\gdx-backend-lwjgl\1.9.9\ca8911cb94c0bfeb59f99e46ca9b92440958fb0e\gdx-backend-lwjgl-1.9.9.jar;C:\Users\stani\.gradle\caches\modules-2\files-2.1\com.badlogicgames.gdx\gdx-platform\1.9.9\7e644cfafdb436b13b24ac7993ffab17f306b64d\gdx-platform-1.9.9-natives-desktop.jar;C:\Users\stani\.gradle\caches\modules-2\files-2.1\com.badlogicgames.gdx\gdx-box2d-platform\1.9.9\72b2916f45f3f948896eda931cd597f7e698340f\gdx-box2d-platform-1.9.9-natives-desktop.jar;C:\Users\stani\.gradle\caches\modules-2\files-2.1\com.badlogicgames.gdx\gdx-ai\1.8.0\ec30677d8ab1a8b8aa4b853c5f4e4b1361f50bf5\gdx-ai-1.8.0.jar;C:\Users\stani\.gradle\caches\modules-2\files-2.1\com.badlogicgames.gdx\gdx-backend-headless\1.9.9\657d1d232f274162eb8fd600a137b2221f2fc9c\gdx-backend-headless-1.9.9.jar;C:\Users\stani\.gradle\caches\modules-2\files-2.1\com.badlogicgames.gdx\gdx-freetype\1.9.9\d947872087863b654d9a0e27a8cb10a29d6fd3d6\gdx-freetype-1.9.9.jar;C:\Users\stani\.gradle\caches\modules-2\files-2.1\com.badlogicgames.box2dlights\box2dlights\1.4\3d77ad5b4164fb32fc67e2446e35911bb0aaf0bd\box2dlights-1.4.jar;C:\Users\stani\.gradle\caches\modules-2\files-2.1\com.badlogicgames.gdx\gdx-box2d\1.9.9\e9a43c50fbe4f1e26dd0af5d2e78d125549e7f6b\gdx-box2d-1.9.9.jar;C:\Users\stani\.gradle\caches\modules-2\files-2.1\com.badlogicgames.gdx\gdx\1.9.9\bf26f2f816b3cfe37ac6e66615391c30714b7030\gdx-1.9.9.jar;C:\Users\stani\.gradle\caches\modules-2\files-2.1\org.lwjgl.lwjgl\lwjgl_util\2.9.2\4b9e37300a87799856e0bd15ed81663cdb6b0947\lwjgl_util-2.9.2.jar;C:\Users\stani\.gradle\caches\modules-2\files-2.1\org.lwjgl.lwjg
Launcher Type: SUN_STANDARD

Environment Variables:
JAVA_HOME=C:\Program Files\Java\jdk1.8.0_201\
PATH=C:/Program Files/Java/jre1.8.0_211/bin/server;C:/Program Files/Java/jre1.8.0_211/bin;C:/Program Files/Java/jre1.8.0_211/lib/amd64;C:\Program Files (x86)\Common Files\Oracle\Java\javapath;C:\Program Files (x86)\Intel\iCLS Client\;C:\Program Files\Intel\iCLS Client\;C:\Windows\system32;C:\Windows;C:\Windows\System32\Wbem;C:\Windows\System32\WindowsPowerShell\v1.0\;C:\Program Files (x86)\Intel\Intel(R) Management Engine Components\DAL;C:\Program Files\Intel\Intel(R) Management Engine Components\DAL;C:\Program Files (x86)\Intel\Intel(R) Management Engine Components\IPT;C:\Program Files\Intel\Intel(R) Management Engine Components\IPT;C:\Program Files (x86)\NVIDIA Corporation\PhysX\Common;C:\WINDOWS\system32;C:\WINDOWS;C:\WINDOWS\System32\Wbem;C:\WINDOWS\System32\WindowsPowerShell\v1.0\;C:\Program Files\Microsoft SQL Server\130\Tools\Binn\;C:\Program Files\Microsoft\Web Platform Installer\;C:\Program Files (x86)\Microsoft ASP.NET\ASP.NET Web Pages\v1.0\;C:\Program Files\Microsoft SQL Server\110\Tools\Binn\;C:\WINDOWS\System32\OpenSSH\;C:\WINDOWS\system32\config\systemprofile\.dnx\bin;C:\Program Files\Microsoft DNX\Dnvm\;C:\Program Files\dotnet\;C:\Program Files\Git\cmd;C:\Program Files\Java\jdk1.8.0_201\bin;C:\Users\stani\AppData\Local\Microsoft\WindowsApps;;C:\WINDOWS\System32;
USERNAME=Äàíèë
OS=Windows_NT
PROCESSOR_IDENTIFIER=Intel64 Family 6 Model 61 Stepping 4, GenuineIntel



---------------  S Y S T E M  ---------------

OS: Windows 10.0 , 64 bit Build 17134 (10.0.17134.706)

CPU:total 4 (initial active 4) (2 cores per cpu, 2 threads per core) family 6 model 61 stepping 4, cmov, cx8, fxsr, mmx, sse, sse2, sse3, ssse3, sse4.1, sse4.2, popcnt, avx, avx2, aes, clmul, erms, 3dnowpref, lzcnt, ht, tsc, tscinvbit, bmi1, bmi2, adx

Memory: 4k page, physical 4093076k(818020k free), swap 6583444k(1687008k free)

vm_info: Java HotSpot(TM) 64-Bit Server VM (25.211-b12) for windows-amd64 JRE (1.8.0_211-b12), built on Apr  1 2019 20:53:26 by "java_re" with MS VC++ 10.0 (VS2010)

time: Fri May 10 17:34:22 2019
timezone: Áåëàðóñü (çèìà)
elapsed time: 2 seconds (0d 0h 0m 2s)

